<?xml version="1.0" encoding="UTF-8"?>
<coverage generated="1647031866243" clover="3.2.0">
  <project timestamp="1647031866244" name="All files">
    <metrics statements="3" coveredstatements="3" conditionals="0" coveredconditionals="0" methods="2" coveredmethods="2" elements="5" coveredelements="5" complexity="0" loc="3" ncloc="3" packages="1" files="1" classes="1"/>
    <file name="popup.js" path="C:\Users\ja.neira\Documents\GitHub\2nd-Capstone-Project\src\tests\popup.js">
      <metrics statements="3" coveredstatements="3" conditionals="0" coveredconditionals="0" methods="2" coveredmethods="2"/>
      <line num="3" count="1" type="stmt"/>
      <line num="4" count="1" type="stmt"/>
      <line num="8" count="1" type="stmt"/>
    </file>
  </project>
</coverage>
